Wed Feb  2 16:30:54 2022,Acceso Entrada,cb-2c-e9-a9,grupo_1,"Denegado"
Wed Feb  2 16:36:52 2022,Acceso Entrada,91-8c-4c-63,principal,"Acceso, cierre"
Wed Feb  2 16:36:59 2022,Acceso Entrada,91-8c-4c-63,principal,"Denegado, cerrado"
Wed Feb  2 16:37:10 2022,Acceso salida,62-a2-95-08,principal,"Acceso"
Wed Feb  2 16:37:13 2022,Acceso Entrada,91-8c-4c-63,principal,"Denegado, cerrado"
Wed Feb  2 16:37:29 2022,Acceso salida,91-8c-4c-63,principal,"Acceso, apertura"
Wed Feb  2 16:37:31 2022,Acceso Entrada,91-8c-4c-63,principal,"Acceso, cierre"
Wed Feb  2 16:38:03 2022,Acceso Entrada,91-8c-4c-63,principal,"Denegado, cerrado"
Wed Feb  2 16:38:05 2022,Acceso salida,91-8c-4c-63,principal,"Acceso, apertura"
Wed Feb  2 16:38:14 2022,Acceso salida,91-8c-4c-63,principal,"Acceso"
Wed Feb  2 16:38:16 2022,Acceso salida,91-8c-4c-63,principal,"Acceso"
Wed Feb  2 16:38:18 2022,Acceso Entrada,91-8c-4c-63,principal,"Acceso, cierre"
Wed Feb  2 16:38:24 2022,Acceso Entrada,91-8c-4c-63,principal,"Denegado, cerrado"
Wed Feb  2 16:38:30 2022,Acceso salida,91-8c-4c-63,principal,"Acceso, apertura"
Wed Feb  2 16:38:41 2022,Acceso Entrada,91-8c-4c-63,principal,"Acceso, cierre"
Wed Feb  2 16:39:08 2022,Acceso Entrada,91-8c-4c-63,principal,"Denegado, cerrado"
Wed Feb  2 16:39:21 2022,Acceso salida,91-8c-4c-63,principal,"Acceso, apertura"
Wed Feb  2 16:40:06 2022,Acceso Entrada,91-8c-4c-63,principal,"Acceso, cierre"
Wed Feb  2 16:40:12 2022,Acceso salida,91-8c-4c-63,principal,"Acceso, apertura"
Wed Feb  2 16:41:54 2022,Acceso Entrada,91-8c-4c-63,principal,"Acceso"
Wed Feb  2 16:42:03 2022,Acceso Entrada,91-8c-4c-63,principal,"Acceso"
Wed Feb  2 16:42:09 2022,Acceso Entrada,91-8c-4c-63,principal,"Acceso"
Wed Feb  2 16:42:18 2022,Acceso salida,91-8c-4c-63,principal,"Acceso, cierre"
Wed Feb  2 16:42:19 2022,Acceso salida,91-8c-4c-63,principal,"Denegado, cerrado"
Wed Feb  2 16:42:26 2022,Acceso Entrada,91-8c-4c-63,principal,"Acceso, apertura"
Wed Feb  2 16:42:30 2022,Acceso salida,91-8c-4c-63,principal,"Acceso, cierre"
Wed Feb  2 16:42:37 2022,Acceso salida,91-8c-4c-63,principal,"Acceso, apertura"
Wed Feb  2 16:44:23 2022,Acceso Entrada,91-8c-4c-63,principal,"Acceso, cierre"
Wed Feb  2 16:45:59 2022,Acceso Entrada,91-8c-4c-63,principal,"Denegado, cerrado"
Wed Feb  2 16:46:27 2022,Acceso Entrada,91-8c-4c-63,principal,"Acceso, apertura"
Wed Feb  2 16:46:38 2022,Acceso Entrada,91-8c-4c-63,principal,"Acceso, cierre"
Wed Feb  2 16:46:45 2022,Acceso Entrada,91-8c-4c-63,principal,"Denegado, cerrado"
Wed Feb  2 16:46:52 2022,Acceso Entrada,91-8c-4c-63,principal,"Acceso, apertura"
Wed Feb  2 16:46:58 2022,Acceso Entrada,91-8c-4c-63,principal,"Acceso, cierre"
Wed Feb  2 16:47:15 2022,Acceso Entrada,cb-2c-e9-a9,grupo_1,"Denegado"
Wed Feb  2 16:47:44 2022,Acceso Entrada,cb-2c-e9-a9,principal,"Acceso"
Wed Feb  2 16:47:51 2022,Acceso Entrada,cb-2c-e9-a9,principal,"Acceso"
Wed Feb  2 16:48:25 2022,Acceso Entrada,cb-2c-e9-a9,principal,"Acceso, cierre"
Wed Feb  2 16:48:59 2022,Acceso Entrada,cb-2c-e9-a9,principal,"Acceso, apertura"
Wed Feb  2 16:49:26 2022,Acceso Entrada,cb-2c-e9-a9,principal,"Acceso, cierre"
Wed Feb  2 16:49:55 2022,Acceso Entrada,cb-2c-e9-a9,principal,"Acceso, apertura"
Wed Feb  2 16:51:40 2022,Acceso Entrada,91-8c-4c-63,principal,"Denegado, cerrado"
Wed Feb  2 16:51:43 2022,Acceso Entrada,91-8c-4c-63,principal,"Acceso, apertura"
Wed Feb  2 16:51:49 2022,Acceso Entrada,91-8c-4c-63,principal,"Acceso, cierre"
Wed Feb  2 16:52:44 2022,Acceso Entrada,24-9c-e9-a9,principal,"Error en la búsqueda"
Wed Feb  2 16:52:51 2022,Acceso Entrada,b0-3d-15-a3,principal,"Acceso como maestro"
Wed Feb  2 16:55:27 2022,Acceso Entrada,dd-6f-e5-ea,grupo_1,"Error en la búsqueda"
Wed Feb  2 16:56:54 2022,Acceso Entrada,dd-6f-e5-ea,grupo_1,"Denegado"
Wed Feb  2 16:57:03 2022,Acceso Entrada,dd-6f-e5-ea,principal,"Acceso, cierre"
Wed Feb  2 16:57:08 2022,Acceso Entrada,dd-6f-e5-ea,grupo_1,"Denegado"
Wed Feb  2 16:57:18 2022,Acceso Entrada,dd-6f-e5-ea,principal,"Acceso, apertura"
Wed Feb  2 16:57:46 2022,Acceso Entrada,dd-6f-e5-ea,grupo_1,"Denegado"
Wed Feb  2 17:01:25 2022,Acceso Entrada,dd-6f-e5-ea,principal,"Acceso, cierre"
Wed Feb  2 17:02:25 2022,Acceso Entrada,dd-6f-e5-ea,principal,"Denegado, cerrado"
Wed Feb  2 17:02:56 2022,Acceso Entrada,dd-6f-e5-ea,principal,"Acceso, apertura"
Wed Feb  2 17:04:27 2022,Acceso Entrada,dd-6f-e5-ea,principal,"Acceso, cierre"
Wed Feb  2 17:04:43 2022,Acceso Entrada,24-9c-e9-a9,principal,"Error en la búsqueda"
Wed Feb  2 17:04:50 2022,Acceso Entrada,cb-2c-e9-a9,principal,"Acceso, cierre"
Wed Feb  2 17:05:00 2022,Acceso Entrada,cb-2c-e9-a9,principal,"Denegado, cerrado"
Wed Feb  2 17:05:07 2022,Acceso Entrada,cb-2c-e9-a9,principal,"Acceso, apertura"
Wed Feb  2 17:05:13 2022,Acceso Entrada,cb-2c-e9-a9,principal,"Acceso, cierre"
Wed Feb  2 17:10:13 2022,Acceso Entrada,91-8c-4c-63,principal,"Acceso, apertura"
Wed Feb  2 17:11:50 2022,Acceso Entrada,b0-3d-15-a3,principal,"Acceso como maestro"
Wed Feb  2 17:12:09 2022,Acceso Entrada,cb-2c-e9-a9,grupo_1,"Denegado"
Wed Feb  2 17:12:16 2022,Acceso Entrada,b0-3d-15-a3,grupo_1,"Acceso como maestro"
